2024-01-04T14:03:15.332Z info: Received a GET request for /api/notes/6595b463488d0453ca2f56071
2024-01-04T14:05:40.218Z info: Received a GET request for /api/notes/6595b463488d0453ca2f56071
2024-01-04T14:06:12.516Z info: Received a GET request for /api/notes/6595b463488d0453ca2f56071
2024-01-04T14:06:12.548Z error: Cast to ObjectId failed for value "6595b463488d0453ca2f56071" (type string) at path "_id" for model "Notes"
2024-01-04T17:05:55.680Z info: Received a GET request for /api/notes/
2024-01-04T17:07:39.320Z info: Received a GET request for /api/notes/
2024-01-04T17:09:06.809Z info: Received a GET request for /api/notes/
2024-01-04T17:09:44.266Z info: Received a GET request for /api/notes/
2024-01-04T17:10:01.901Z info: Received a GET request for /api/notes/
2024-01-04T17:24:18.396Z info: Received a GET request for /api/notes/
2024-01-04T17:24:48.864Z info: Received a GET request for /api/notes/
2024-01-04T17:28:31.786Z info: Received a GET request for /api/notes/
2024-01-04T17:30:43.821Z info: Received a GET request for /api/notes/
2024-01-04T17:32:48.306Z info: Received a GET request for /api/notes/
2024-01-04T17:34:21.884Z info: Received a GET request for /api/notes/
2024-01-04T17:40:45.047Z info: Received a GET request for /api/notes/
2024-01-04T17:41:14.008Z info: Received a GET request for /api/notes/
2024-01-04T17:43:52.236Z info: Received a GET request for /api/notes/
2024-01-04T17:44:45.812Z info: Received a GET request for /api/notes/
2024-01-04T17:45:24.038Z info: Received a GET request for /api/notes/
2024-01-04T17:46:04.392Z info: Received a GET request for /api/notes/
2024-01-04T17:46:21.556Z info: Received a GET request for /api/notes/
2024-01-04T17:51:19.416Z info: Received a GET request for /api/notes/
2024-01-04T17:51:19.428Z error: ote is not defined
2024-01-04T17:52:13.473Z info: Received a GET request for /api/notes/
2024-01-04T17:52:13.482Z error: ote is not defined
2024-01-04T17:55:38.251Z info: Received a GET request for /api/notes/
2024-01-04T17:55:38.263Z error: ote is not defined
2024-01-04T18:28:28.291Z info: Received a GET request for /api/notes/
2024-01-04T18:28:28.360Z error: ote is not defined
2024-01-04T18:56:43.096Z info: Received a GET request for /api/notes/
2024-01-04T18:57:33.620Z info: Received a GET request for /api/notes/
2024-01-04T18:58:02.746Z info: Received a GET request for /api/notes/
2024-01-04T18:58:50.457Z error: Cannot read properties of undefined (reading 'json')
2024-01-04T18:58:50.486Z info: Received a GET request for /api/notes/
2024-01-04T19:00:05.933Z error: Cannot read properties of undefined (reading 'json')
2024-01-04T19:00:05.971Z info: Received a GET request for /api/notes/
2024-01-04T19:00:59.303Z error: Cannot read properties of undefined (reading 'json')
2024-01-04T19:00:59.332Z info: Received a GET request for /api/notes/
2024-01-04T19:02:29.249Z error: Cannot read properties of undefined (reading 'json')
2024-01-04T19:02:29.281Z info: Received a GET request for /api/notes/
2024-01-04T19:04:40.007Z error: Cannot read properties of undefined (reading 'json')
2024-01-04T19:04:40.018Z error: Cannot read properties of undefined (reading 'json')
2024-01-04T19:04:40.039Z info: Received a GET request for /api/notes/
2024-01-04T19:24:03.884Z info: Received a POST request for /api/auth/login
2024-01-04T19:24:04.377Z info: Received a POST request for /api/auth/login
